Picked up _JAVA_OPTIONS: -Xmx2048m -Xms512m
introclassJava.median_d4aae191_000BlackboxTest#test3
.
Time: 0.228

OK (1 test)

introclassJava.median_d4aae191_000BlackboxTest#test4
.
Time: 0.029

OK (1 test)

introclassJava.median_d4aae191_000BlackboxTest#test1
.
Time: 0.033

OK (1 test)

introclassJava.median_d4aae191_000BlackboxTest#test2
.
Time: 0.01

OK (1 test)

introclassJava.median_d4aae191_000BlackboxTest#test7
.E
Time: 0.022
There was 1 failure:
1) test7(introclassJava.median_d4aae191_000BlackboxTest)
org.junit.ComparisonFailure: expected:<...rsseparatedbyspaces>[9isthemedian]> but was:<...rsseparatedbyspaces>[]>
	at org.junit.Assert.assertEquals(Assert.java:115)
	at org.junit.Assert.assertEquals(Assert.java:144)
	at introclassJava.median_d4aae191_000BlackboxTest.test7(median_d4aae191_000BlackboxTest.java:68)
	at sun.reflect.NativeMethodAccessorImpl.invoke0(Native Method)
	at sun.reflect.NativeMethodAccessorImpl.invoke(NativeMethodAccessorImpl.java:62)
	at sun.reflect.DelegatingMethodAccessorImpl.invoke(DelegatingMethodAccessorImpl.java:43)
	at java.lang.reflect.Method.invoke(Method.java:498)
	at org.junit.runners.model.FrameworkMethod$1.runReflectiveCall(FrameworkMethod.java:47)
	at org.junit.internal.runners.model.ReflectiveCallable.run(ReflectiveCallable.java:12)
	at org.junit.runners.model.FrameworkMethod.invokeExplosively(FrameworkMethod.java:44)
	at org.junit.internal.runners.statements.InvokeMethod.evaluate(InvokeMethod.java:17)
	at org.junit.internal.runners.statements.FailOnTimeout$StatementThread.run(FailOnTimeout.java:74)

FAILURES!!!
Tests run: 1,  Failures: 1

introclassJava.median_d4aae191_000BlackboxTest#test5
.
Time: 0.02

OK (1 test)

introclassJava.median_d4aae191_000BlackboxTest#test6
.
Time: 0.013

OK (1 test)

introclassJava.median_d4aae191_000WhiteboxTest#test4
.E
Time: 0.009
There was 1 failure:
1) test4(introclassJava.median_d4aae191_000WhiteboxTest)
org.junit.ComparisonFailure: expected:<...rsseparatedbyspaces>[0isthemedian]> but was:<...rsseparatedbyspaces>[]>
	at org.junit.Assert.assertEquals(Assert.java:115)
	at org.junit.Assert.assertEquals(Assert.java:144)
	at introclassJava.median_d4aae191_000WhiteboxTest.test4(median_d4aae191_000WhiteboxTest.java:41)
	at sun.reflect.NativeMethodAccessorImpl.invoke0(Native Method)
	at sun.reflect.NativeMethodAccessorImpl.invoke(NativeMethodAccessorImpl.java:62)
	at sun.reflect.DelegatingMethodAccessorImpl.invoke(DelegatingMethodAccessorImpl.java:43)
	at java.lang.reflect.Method.invoke(Method.java:498)
	at org.junit.runners.model.FrameworkMethod$1.runReflectiveCall(FrameworkMethod.java:47)
	at org.junit.internal.runners.model.ReflectiveCallable.run(ReflectiveCallable.java:12)
	at org.junit.runners.model.FrameworkMethod.invokeExplosively(FrameworkMethod.java:44)
	at org.junit.internal.runners.statements.InvokeMethod.evaluate(InvokeMethod.java:17)
	at org.junit.internal.runners.statements.FailOnTimeout$StatementThread.run(FailOnTimeout.java:74)

FAILURES!!!
Tests run: 1,  Failures: 1

introclassJava.median_d4aae191_000WhiteboxTest#test3
.E
Time: 0.015
There was 1 failure:
1) test3(introclassJava.median_d4aae191_000WhiteboxTest)
org.junit.ComparisonFailure: expected:<...rsseparatedbyspaces>[0isthemedian]> but was:<...rsseparatedbyspaces>[]>
	at org.junit.Assert.assertEquals(Assert.java:115)
	at org.junit.Assert.assertEquals(Assert.java:144)
	at introclassJava.median_d4aae191_000WhiteboxTest.test3(median_d4aae191_000WhiteboxTest.java:32)
	at sun.reflect.NativeMethodAccessorImpl.invoke0(Native Method)
	at sun.reflect.NativeMethodAccessorImpl.invoke(NativeMethodAccessorImpl.java:62)
	at sun.reflect.DelegatingMethodAccessorImpl.invoke(DelegatingMethodAccessorImpl.java:43)
	at java.lang.reflect.Method.invoke(Method.java:498)
	at org.junit.runners.model.FrameworkMethod$1.runReflectiveCall(FrameworkMethod.java:47)
	at org.junit.internal.runners.model.ReflectiveCallable.run(ReflectiveCallable.java:12)
	at org.junit.runners.model.FrameworkMethod.invokeExplosively(FrameworkMethod.java:44)
	at org.junit.internal.runners.statements.InvokeMethod.evaluate(InvokeMethod.java:17)
	at org.junit.internal.runners.statements.FailOnTimeout$StatementThread.run(FailOnTimeout.java:74)

FAILURES!!!
Tests run: 1,  Failures: 1

introclassJava.median_d4aae191_000WhiteboxTest#test6
.
Time: 0.012

OK (1 test)

introclassJava.median_d4aae191_000WhiteboxTest#test5
.
Time: 0.017

OK (1 test)

introclassJava.median_d4aae191_000WhiteboxTest#test2
.
Time: 0.016

OK (1 test)

introclassJava.median_d4aae191_000WhiteboxTest#test1
.E
Time: 0.016
There was 1 failure:
1) test1(introclassJava.median_d4aae191_000WhiteboxTest)
org.junit.ComparisonFailure: expected:<...rsseparatedbyspaces>[0isthemedian]> but was:<...rsseparatedbyspaces>[]>
	at org.junit.Assert.assertEquals(Assert.java:115)
	at org.junit.Assert.assertEquals(Assert.java:144)
	at introclassJava.median_d4aae191_000WhiteboxTest.test1(median_d4aae191_000WhiteboxTest.java:14)
	at sun.reflect.NativeMethodAccessorImpl.invoke0(Native Method)
	at sun.reflect.NativeMethodAccessorImpl.invoke(NativeMethodAccessorImpl.java:62)
	at sun.reflect.DelegatingMethodAccessorImpl.invoke(DelegatingMethodAccessorImpl.java:43)
	at java.lang.reflect.Method.invoke(Method.java:498)
	at org.junit.runners.model.FrameworkMethod$1.runReflectiveCall(FrameworkMethod.java:47)
	at org.junit.internal.runners.model.ReflectiveCallable.run(ReflectiveCallable.java:12)
	at org.junit.runners.model.FrameworkMethod.invokeExplosively(FrameworkMethod.java:44)
	at org.junit.internal.runners.statements.InvokeMethod.evaluate(InvokeMethod.java:17)
	at org.junit.internal.runners.statements.FailOnTimeout$StatementThread.run(FailOnTimeout.java:74)

FAILURES!!!
Tests run: 1,  Failures: 1

