Picked up _JAVA_OPTIONS: -Xmx2048m -Xms512m
introclassJava.median_b6fd408d_000BlackboxTest#test3
.
Time: 0.352

OK (1 test)

introclassJava.median_b6fd408d_000BlackboxTest#test4
.E
Time: 0.026
There was 1 failure:
1) test4(introclassJava.median_b6fd408d_000BlackboxTest)
org.junit.ComparisonFailure: expected:<...rsseparatedbyspaces>[6]isthemedian> but was:<...rsseparatedbyspaces>[8]isthemedian>
	at org.junit.Assert.assertEquals(Assert.java:115)
	at org.junit.Assert.assertEquals(Assert.java:144)
	at introclassJava.median_b6fd408d_000BlackboxTest.test4(median_b6fd408d_000BlackboxTest.java:41)
	at sun.reflect.NativeMethodAccessorImpl.invoke0(Native Method)
	at sun.reflect.NativeMethodAccessorImpl.invoke(NativeMethodAccessorImpl.java:62)
	at sun.reflect.DelegatingMethodAccessorImpl.invoke(DelegatingMethodAccessorImpl.java:43)
	at java.lang.reflect.Method.invoke(Method.java:498)
	at org.junit.runners.model.FrameworkMethod$1.runReflectiveCall(FrameworkMethod.java:47)
	at org.junit.internal.runners.model.ReflectiveCallable.run(ReflectiveCallable.java:12)
	at org.junit.runners.model.FrameworkMethod.invokeExplosively(FrameworkMethod.java:44)
	at org.junit.internal.runners.statements.InvokeMethod.evaluate(InvokeMethod.java:17)
	at org.junit.internal.runners.statements.FailOnTimeout$StatementThread.run(FailOnTimeout.java:74)

FAILURES!!!
Tests run: 1,  Failures: 1

introclassJava.median_b6fd408d_000BlackboxTest#test5
.
Time: 0.017

OK (1 test)

introclassJava.median_b6fd408d_000BlackboxTest#test6
.E
Time: 0.015
There was 1 failure:
1) test6(introclassJava.median_b6fd408d_000BlackboxTest)
org.junit.ComparisonFailure: expected:<...rsseparatedbyspaces>[6]isthemedian> but was:<...rsseparatedbyspaces>[8]isthemedian>
	at org.junit.Assert.assertEquals(Assert.java:115)
	at org.junit.Assert.assertEquals(Assert.java:144)
	at introclassJava.median_b6fd408d_000BlackboxTest.test6(median_b6fd408d_000BlackboxTest.java:59)
	at sun.reflect.NativeMethodAccessorImpl.invoke0(Native Method)
	at sun.reflect.NativeMethodAccessorImpl.invoke(NativeMethodAccessorImpl.java:62)
	at sun.reflect.DelegatingMethodAccessorImpl.invoke(DelegatingMethodAccessorImpl.java:43)
	at java.lang.reflect.Method.invoke(Method.java:498)
	at org.junit.runners.model.FrameworkMethod$1.runReflectiveCall(FrameworkMethod.java:47)
	at org.junit.internal.runners.model.ReflectiveCallable.run(ReflectiveCallable.java:12)
	at org.junit.runners.model.FrameworkMethod.invokeExplosively(FrameworkMethod.java:44)
	at org.junit.internal.runners.statements.InvokeMethod.evaluate(InvokeMethod.java:17)
	at org.junit.internal.runners.statements.FailOnTimeout$StatementThread.run(FailOnTimeout.java:74)

FAILURES!!!
Tests run: 1,  Failures: 1

introclassJava.median_b6fd408d_000BlackboxTest#test1
.
Time: 0.016

OK (1 test)

introclassJava.median_b6fd408d_000BlackboxTest#test2
.
Time: 0.014

OK (1 test)

introclassJava.median_b6fd408d_000WhiteboxTest#test4
.E
Time: 0.012
There was 1 failure:
1) test4(introclassJava.median_b6fd408d_000WhiteboxTest)
org.junit.ComparisonFailure: expected:<...rsseparatedbyspaces>[0]isthemedian> but was:<...rsseparatedbyspaces>[1]isthemedian>
	at org.junit.Assert.assertEquals(Assert.java:115)
	at org.junit.Assert.assertEquals(Assert.java:144)
	at introclassJava.median_b6fd408d_000WhiteboxTest.test4(median_b6fd408d_000WhiteboxTest.java:41)
	at sun.reflect.NativeMethodAccessorImpl.invoke0(Native Method)
	at sun.reflect.NativeMethodAccessorImpl.invoke(NativeMethodAccessorImpl.java:62)
	at sun.reflect.DelegatingMethodAccessorImpl.invoke(DelegatingMethodAccessorImpl.java:43)
	at java.lang.reflect.Method.invoke(Method.java:498)
	at org.junit.runners.model.FrameworkMethod$1.runReflectiveCall(FrameworkMethod.java:47)
	at org.junit.internal.runners.model.ReflectiveCallable.run(ReflectiveCallable.java:12)
	at org.junit.runners.model.FrameworkMethod.invokeExplosively(FrameworkMethod.java:44)
	at org.junit.internal.runners.statements.InvokeMethod.evaluate(InvokeMethod.java:17)
	at org.junit.internal.runners.statements.FailOnTimeout$StatementThread.run(FailOnTimeout.java:74)

FAILURES!!!
Tests run: 1,  Failures: 1

introclassJava.median_b6fd408d_000WhiteboxTest#test2
.
Time: 0.014

OK (1 test)

introclassJava.median_b6fd408d_000WhiteboxTest#test5
.
Time: 0.016

OK (1 test)

introclassJava.median_b6fd408d_000WhiteboxTest#test6
.
Time: 0.011

OK (1 test)

