Picked up _JAVA_OPTIONS: -Xmx2048m -Xms512m
introclassJava.digits_90a14c1a_000WhiteboxTest#test10
.E
Time: 1.023
There was 1 failure:
1) test10(introclassJava.digits_90a14c1a_000WhiteboxTest)
java.lang.Exception: test timed out after 1000 milliseconds
	at sun.util.locale.provider.JRELocaleProviderAdapter.getDecimalFormatSymbolsProvider(JRELocaleProviderAdapter.java:193)
	at sun.util.locale.provider.JRELocaleProviderAdapter.getLocaleServiceProvider(JRELocaleProviderAdapter.java:96)
	at sun.util.locale.provider.LocaleProviderAdapter.findAdapter(LocaleProviderAdapter.java:284)
	at sun.util.locale.provider.LocaleProviderAdapter.getAdapter(LocaleProviderAdapter.java:254)
	at java.text.DecimalFormatSymbols.getInstance(DecimalFormatSymbols.java:178)
	at sun.util.locale.provider.NumberFormatProviderImpl.getInstance(NumberFormatProviderImpl.java:178)
	at sun.util.locale.provider.NumberFormatProviderImpl.getNumberInstance(NumberFormatProviderImpl.java:149)
	at java.text.NumberFormat.getInstance(NumberFormat.java:875)
	at java.text.NumberFormat.getInstance(NumberFormat.java:861)
	at java.text.NumberFormat.getNumberInstance(NumberFormat.java:469)
	at java.util.Scanner.useLocale(Scanner.java:1186)
	at java.util.Scanner.<init>(Scanner.java:540)
	at java.util.Scanner.<init>(Scanner.java:702)
	at introclassJava.digits_90a14c1a_000WhiteboxTest.test10(digits_90a14c1a_000WhiteboxTest.java:19)
	at sun.reflect.NativeMethodAccessorImpl.invoke0(Native Method)
	at sun.reflect.NativeMethodAccessorImpl.invoke(NativeMethodAccessorImpl.java:62)
	at sun.reflect.DelegatingMethodAccessorImpl.invoke(DelegatingMethodAccessorImpl.java:43)
	at java.lang.reflect.Method.invoke(Method.java:498)
	at org.junit.runners.model.FrameworkMethod$1.runReflectiveCall(FrameworkMethod.java:47)
	at org.junit.internal.runners.model.ReflectiveCallable.run(ReflectiveCallable.java:12)
	at org.junit.runners.model.FrameworkMethod.invokeExplosively(FrameworkMethod.java:44)
	at org.junit.internal.runners.statements.InvokeMethod.evaluate(InvokeMethod.java:17)
	at org.junit.internal.runners.statements.FailOnTimeout$StatementThread.run(FailOnTimeout.java:74)

FAILURES!!!
Tests run: 1,  Failures: 1

introclassJava.digits_90a14c1a_000WhiteboxTest#test9
.
Time: 0.073

OK (1 test)

introclassJava.digits_90a14c1a_000WhiteboxTest#test5
.
Time: 0.021

OK (1 test)

introclassJava.digits_90a14c1a_000WhiteboxTest#test6
.
Time: 0.04

OK (1 test)

introclassJava.digits_90a14c1a_000WhiteboxTest#test7
.
Time: 0.02

OK (1 test)

introclassJava.digits_90a14c1a_000WhiteboxTest#test8
.
Time: 0.034

OK (1 test)

introclassJava.digits_90a14c1a_000WhiteboxTest#test1
.E
Time: 0.029
There was 1 failure:
1) test1(introclassJava.digits_90a14c1a_000WhiteboxTest)
org.junit.ComparisonFailure: expected:<Enteraninteger>[0]That'sall,haveaniced...> but was:<Enteraninteger>[]That'sall,haveaniced...>
	at org.junit.Assert.assertEquals(Assert.java:115)
	at org.junit.Assert.assertEquals(Assert.java:144)
	at introclassJava.digits_90a14c1a_000WhiteboxTest.test1(digits_90a14c1a_000WhiteboxTest.java:13)
	at sun.reflect.NativeMethodAccessorImpl.invoke0(Native Method)
	at sun.reflect.NativeMethodAccessorImpl.invoke(NativeMethodAccessorImpl.java:62)
	at sun.reflect.DelegatingMethodAccessorImpl.invoke(DelegatingMethodAccessorImpl.java:43)
	at java.lang.reflect.Method.invoke(Method.java:498)
	at org.junit.runners.model.FrameworkMethod$1.runReflectiveCall(FrameworkMethod.java:47)
	at org.junit.internal.runners.model.ReflectiveCallable.run(ReflectiveCallable.java:12)
	at org.junit.runners.model.FrameworkMethod.invokeExplosively(FrameworkMethod.java:44)
	at org.junit.internal.runners.statements.InvokeMethod.evaluate(InvokeMethod.java:17)
	at org.junit.internal.runners.statements.FailOnTimeout$StatementThread.run(FailOnTimeout.java:74)

FAILURES!!!
Tests run: 1,  Failures: 1

introclassJava.digits_90a14c1a_000WhiteboxTest#test2
.
Time: 0.023

OK (1 test)

introclassJava.digits_90a14c1a_000WhiteboxTest#test3
.
Time: 0.033

OK (1 test)

introclassJava.digits_90a14c1a_000WhiteboxTest#test4
.
Time: 0.016

OK (1 test)

