Picked up _JAVA_OPTIONS: -Xmx2048m -Xms512m
introclassJava.median_0cea42f9_003WhiteboxTest#test2
.E
Time: 1.028
There was 1 failure:
1) test2(introclassJava.median_0cea42f9_003WhiteboxTest)
java.lang.Exception: test timed out after 1000 milliseconds
	at sun.misc.URLClassPath.getResources(URLClassPath.java:304)
	at sun.misc.URLClassPath.getResources(URLClassPath.java:340)
	at java.lang.ClassLoader.getBootstrapResources(ClassLoader.java:1275)
	at java.lang.ClassLoader.getResources(ClassLoader.java:1140)
	at java.util.ServiceLoader$LazyIterator.hasNextService(ServiceLoader.java:348)
	at java.util.ServiceLoader$LazyIterator.hasNext(ServiceLoader.java:393)
	at java.util.ServiceLoader$1.hasNext(ServiceLoader.java:474)
	at java.util.ResourceBundle.<clinit>(ResourceBundle.java:377)
	at sun.util.resources.LocaleData$1.run(LocaleData.java:167)
	at sun.util.resources.LocaleData$1.run(LocaleData.java:163)
	at java.security.AccessController.doPrivileged(Native Method)
	at sun.util.resources.LocaleData.getBundle(LocaleData.java:163)
	at sun.util.resources.LocaleData.getNumberFormatData(LocaleData.java:159)
	at sun.util.locale.provider.LocaleResources.getNumberPatterns(LocaleResources.java:440)
	at sun.util.locale.provider.NumberFormatProviderImpl.getInstance(NumberFormatProviderImpl.java:177)
	at sun.util.locale.provider.NumberFormatProviderImpl.getNumberInstance(NumberFormatProviderImpl.java:149)
	at java.text.NumberFormat.getInstance(NumberFormat.java:875)
	at java.text.NumberFormat.getInstance(NumberFormat.java:861)
	at java.text.NumberFormat.getNumberInstance(NumberFormat.java:469)
	at java.util.Scanner.useLocale(Scanner.java:1186)
	at java.util.Scanner.<init>(Scanner.java:540)
	at java.util.Scanner.<init>(Scanner.java:702)
	at introclassJava.median_0cea42f9_003WhiteboxTest.test2(median_0cea42f9_003WhiteboxTest.java:20)
	at sun.reflect.NativeMethodAccessorImpl.invoke0(Native Method)
	at sun.reflect.NativeMethodAccessorImpl.invoke(NativeMethodAccessorImpl.java:62)
	at sun.reflect.DelegatingMethodAccessorImpl.invoke(DelegatingMethodAccessorImpl.java:43)
	at java.lang.reflect.Method.invoke(Method.java:498)
	at org.junit.runners.model.FrameworkMethod$1.runReflectiveCall(FrameworkMethod.java:47)
	at org.junit.internal.runners.model.ReflectiveCallable.run(ReflectiveCallable.java:12)
	at org.junit.runners.model.FrameworkMethod.invokeExplosively(FrameworkMethod.java:44)
	at org.junit.internal.runners.statements.InvokeMethod.evaluate(InvokeMethod.java:17)
	at org.junit.internal.runners.statements.FailOnTimeout$StatementThread.run(FailOnTimeout.java:74)

FAILURES!!!
Tests run: 1,  Failures: 1

introclassJava.median_0cea42f9_003WhiteboxTest#test3
.E
Time: 0.029
There was 1 failure:
1) test3(introclassJava.median_0cea42f9_003WhiteboxTest)
org.junit.ComparisonFailure: expected:<...rsseparatedbyspaces>[0isthemedian]> but was:<...rsseparatedbyspaces>[]>
	at org.junit.Assert.assertEquals(Assert.java:115)
	at org.junit.Assert.assertEquals(Assert.java:144)
	at introclassJava.median_0cea42f9_003WhiteboxTest.test3(median_0cea42f9_003WhiteboxTest.java:32)
	at sun.reflect.NativeMethodAccessorImpl.invoke0(Native Method)
	at sun.reflect.NativeMethodAccessorImpl.invoke(NativeMethodAccessorImpl.java:62)
	at sun.reflect.DelegatingMethodAccessorImpl.invoke(DelegatingMethodAccessorImpl.java:43)
	at java.lang.reflect.Method.invoke(Method.java:498)
	at org.junit.runners.model.FrameworkMethod$1.runReflectiveCall(FrameworkMethod.java:47)
	at org.junit.internal.runners.model.ReflectiveCallable.run(ReflectiveCallable.java:12)
	at org.junit.runners.model.FrameworkMethod.invokeExplosively(FrameworkMethod.java:44)
	at org.junit.internal.runners.statements.InvokeMethod.evaluate(InvokeMethod.java:17)
	at org.junit.internal.runners.statements.FailOnTimeout$StatementThread.run(FailOnTimeout.java:74)

FAILURES!!!
Tests run: 1,  Failures: 1

introclassJava.median_0cea42f9_003WhiteboxTest#test1
.E
Time: 0.018
There was 1 failure:
1) test1(introclassJava.median_0cea42f9_003WhiteboxTest)
org.junit.ComparisonFailure: expected:<...rsseparatedbyspaces>[0isthemedian]> but was:<...rsseparatedbyspaces>[]>
	at org.junit.Assert.assertEquals(Assert.java:115)
	at org.junit.Assert.assertEquals(Assert.java:144)
	at introclassJava.median_0cea42f9_003WhiteboxTest.test1(median_0cea42f9_003WhiteboxTest.java:14)
	at sun.reflect.NativeMethodAccessorImpl.invoke0(Native Method)
	at sun.reflect.NativeMethodAccessorImpl.invoke(NativeMethodAccessorImpl.java:62)
	at sun.reflect.DelegatingMethodAccessorImpl.invoke(DelegatingMethodAccessorImpl.java:43)
	at java.lang.reflect.Method.invoke(Method.java:498)
	at org.junit.runners.model.FrameworkMethod$1.runReflectiveCall(FrameworkMethod.java:47)
	at org.junit.internal.runners.model.ReflectiveCallable.run(ReflectiveCallable.java:12)
	at org.junit.runners.model.FrameworkMethod.invokeExplosively(FrameworkMethod.java:44)
	at org.junit.internal.runners.statements.InvokeMethod.evaluate(InvokeMethod.java:17)
	at org.junit.internal.runners.statements.FailOnTimeout$StatementThread.run(FailOnTimeout.java:74)

FAILURES!!!
Tests run: 1,  Failures: 1

introclassJava.median_0cea42f9_003WhiteboxTest#test6
.
Time: 0.033

OK (1 test)

introclassJava.median_0cea42f9_003WhiteboxTest#test4
.E
Time: 0.013
There was 1 failure:
1) test4(introclassJava.median_0cea42f9_003WhiteboxTest)
org.junit.ComparisonFailure: expected:<...rsseparatedbyspaces>[0isthemedian]> but was:<...rsseparatedbyspaces>[]>
	at org.junit.Assert.assertEquals(Assert.java:115)
	at org.junit.Assert.assertEquals(Assert.java:144)
	at introclassJava.median_0cea42f9_003WhiteboxTest.test4(median_0cea42f9_003WhiteboxTest.java:41)
	at sun.reflect.NativeMethodAccessorImpl.invoke0(Native Method)
	at sun.reflect.NativeMethodAccessorImpl.invoke(NativeMethodAccessorImpl.java:62)
	at sun.reflect.DelegatingMethodAccessorImpl.invoke(DelegatingMethodAccessorImpl.java:43)
	at java.lang.reflect.Method.invoke(Method.java:498)
	at org.junit.runners.model.FrameworkMethod$1.runReflectiveCall(FrameworkMethod.java:47)
	at org.junit.internal.runners.model.ReflectiveCallable.run(ReflectiveCallable.java:12)
	at org.junit.runners.model.FrameworkMethod.invokeExplosively(FrameworkMethod.java:44)
	at org.junit.internal.runners.statements.InvokeMethod.evaluate(InvokeMethod.java:17)
	at org.junit.internal.runners.statements.FailOnTimeout$StatementThread.run(FailOnTimeout.java:74)

FAILURES!!!
Tests run: 1,  Failures: 1

introclassJava.median_0cea42f9_003WhiteboxTest#test5
.
Time: 0.013

OK (1 test)

introclassJava.median_0cea42f9_003BlackboxTest#test6
.
Time: 0.02

OK (1 test)

introclassJava.median_0cea42f9_003BlackboxTest#test7
.E
Time: 0.016
There was 1 failure:
1) test7(introclassJava.median_0cea42f9_003BlackboxTest)
org.junit.ComparisonFailure: expected:<...rsseparatedbyspaces>[9isthemedian]> but was:<...rsseparatedbyspaces>[]>
	at org.junit.Assert.assertEquals(Assert.java:115)
	at org.junit.Assert.assertEquals(Assert.java:144)
	at introclassJava.median_0cea42f9_003BlackboxTest.test7(median_0cea42f9_003BlackboxTest.java:68)
	at sun.reflect.NativeMethodAccessorImpl.invoke0(Native Method)
	at sun.reflect.NativeMethodAccessorImpl.invoke(NativeMethodAccessorImpl.java:62)
	at sun.reflect.DelegatingMethodAccessorImpl.invoke(DelegatingMethodAccessorImpl.java:43)
	at java.lang.reflect.Method.invoke(Method.java:498)
	at org.junit.runners.model.FrameworkMethod$1.runReflectiveCall(FrameworkMethod.java:47)
	at org.junit.internal.runners.model.ReflectiveCallable.run(ReflectiveCallable.java:12)
	at org.junit.runners.model.FrameworkMethod.invokeExplosively(FrameworkMethod.java:44)
	at org.junit.internal.runners.statements.InvokeMethod.evaluate(InvokeMethod.java:17)
	at org.junit.internal.runners.statements.FailOnTimeout$StatementThread.run(FailOnTimeout.java:74)

FAILURES!!!
Tests run: 1,  Failures: 1

introclassJava.median_0cea42f9_003BlackboxTest#test2
.
Time: 0.016

OK (1 test)

introclassJava.median_0cea42f9_003BlackboxTest#test3
.
Time: 0.029

OK (1 test)

introclassJava.median_0cea42f9_003BlackboxTest#test4
.
Time: 0.011

OK (1 test)

introclassJava.median_0cea42f9_003BlackboxTest#test5
.
Time: 0.023

OK (1 test)

introclassJava.median_0cea42f9_003BlackboxTest#test1
.
Time: 0.021

OK (1 test)

