Picked up _JAVA_OPTIONS: -Xmx2048m -Xms512m
introclassJava.smallest_1b31fa5c_003BlackboxTest#test6
.E
Time: 0.933
There was 1 failure:
1) test6(introclassJava.smallest_1b31fa5c_003BlackboxTest)
org.junit.ComparisonFailure: expected:<...rsseparatedbyspaces>[2isthesmallest]> but was:<...rsseparatedbyspaces>[]>
	at org.junit.Assert.assertEquals(Assert.java:115)
	at org.junit.Assert.assertEquals(Assert.java:144)
	at introclassJava.smallest_1b31fa5c_003BlackboxTest.test6(smallest_1b31fa5c_003BlackboxTest.java:59)
	at sun.reflect.NativeMethodAccessorImpl.invoke0(Native Method)
	at sun.reflect.NativeMethodAccessorImpl.invoke(NativeMethodAccessorImpl.java:62)
	at sun.reflect.DelegatingMethodAccessorImpl.invoke(DelegatingMethodAccessorImpl.java:43)
	at java.lang.reflect.Method.invoke(Method.java:498)
	at org.junit.runners.model.FrameworkMethod$1.runReflectiveCall(FrameworkMethod.java:47)
	at org.junit.internal.runners.model.ReflectiveCallable.run(ReflectiveCallable.java:12)
	at org.junit.runners.model.FrameworkMethod.invokeExplosively(FrameworkMethod.java:44)
	at org.junit.internal.runners.statements.InvokeMethod.evaluate(InvokeMethod.java:17)
	at org.junit.internal.runners.statements.FailOnTimeout$StatementThread.run(FailOnTimeout.java:74)

FAILURES!!!
Tests run: 1,  Failures: 1

introclassJava.smallest_1b31fa5c_003BlackboxTest#test5
.E
Time: 0.014
There was 1 failure:
1) test5(introclassJava.smallest_1b31fa5c_003BlackboxTest)
org.junit.ComparisonFailure: expected:<...rsseparatedbyspaces>[1isthesmallest]> but was:<...rsseparatedbyspaces>[]>
	at org.junit.Assert.assertEquals(Assert.java:115)
	at org.junit.Assert.assertEquals(Assert.java:144)
	at introclassJava.smallest_1b31fa5c_003BlackboxTest.test5(smallest_1b31fa5c_003BlackboxTest.java:50)
	at sun.reflect.NativeMethodAccessorImpl.invoke0(Native Method)
	at sun.reflect.NativeMethodAccessorImpl.invoke(NativeMethodAccessorImpl.java:62)
	at sun.reflect.DelegatingMethodAccessorImpl.invoke(DelegatingMethodAccessorImpl.java:43)
	at java.lang.reflect.Method.invoke(Method.java:498)
	at org.junit.runners.model.FrameworkMethod$1.runReflectiveCall(FrameworkMethod.java:47)
	at org.junit.internal.runners.model.ReflectiveCallable.run(ReflectiveCallable.java:12)
	at org.junit.runners.model.FrameworkMethod.invokeExplosively(FrameworkMethod.java:44)
	at org.junit.internal.runners.statements.InvokeMethod.evaluate(InvokeMethod.java:17)
	at org.junit.internal.runners.statements.FailOnTimeout$StatementThread.run(FailOnTimeout.java:74)

FAILURES!!!
Tests run: 1,  Failures: 1

introclassJava.smallest_1b31fa5c_003BlackboxTest#test4
.
Time: 0.019

OK (1 test)

introclassJava.smallest_1b31fa5c_003BlackboxTest#test3
.
Time: 0.017

OK (1 test)

introclassJava.smallest_1b31fa5c_003BlackboxTest#test8
.
Time: 0.02

OK (1 test)

introclassJava.smallest_1b31fa5c_003BlackboxTest#test7
.
Time: 0.015

OK (1 test)

introclassJava.smallest_1b31fa5c_003WhiteboxTest#test6
.
Time: 0.03

OK (1 test)

introclassJava.smallest_1b31fa5c_003WhiteboxTest#test5
.E
Time: 0.025
There was 1 failure:
1) test5(introclassJava.smallest_1b31fa5c_003WhiteboxTest)
org.junit.ComparisonFailure: expected:<...rsseparatedbyspaces>[0isthesmallest]> but was:<...rsseparatedbyspaces>[]>
	at org.junit.Assert.assertEquals(Assert.java:115)
	at org.junit.Assert.assertEquals(Assert.java:144)
	at introclassJava.smallest_1b31fa5c_003WhiteboxTest.test5(smallest_1b31fa5c_003WhiteboxTest.java:50)
	at sun.reflect.NativeMethodAccessorImpl.invoke0(Native Method)
	at sun.reflect.NativeMethodAccessorImpl.invoke(NativeMethodAccessorImpl.java:62)
	at sun.reflect.DelegatingMethodAccessorImpl.invoke(DelegatingMethodAccessorImpl.java:43)
	at java.lang.reflect.Method.invoke(Method.java:498)
	at org.junit.runners.model.FrameworkMethod$1.runReflectiveCall(FrameworkMethod.java:47)
	at org.junit.internal.runners.model.ReflectiveCallable.run(ReflectiveCallable.java:12)
	at org.junit.runners.model.FrameworkMethod.invokeExplosively(FrameworkMethod.java:44)
	at org.junit.internal.runners.statements.InvokeMethod.evaluate(InvokeMethod.java:17)
	at org.junit.internal.runners.statements.FailOnTimeout$StatementThread.run(FailOnTimeout.java:74)

FAILURES!!!
Tests run: 1,  Failures: 1

introclassJava.smallest_1b31fa5c_003WhiteboxTest#test8
.
Time: 0.033

OK (1 test)

introclassJava.smallest_1b31fa5c_003WhiteboxTest#test7
.E
Time: 0.02
There was 1 failure:
1) test7(introclassJava.smallest_1b31fa5c_003WhiteboxTest)
org.junit.ComparisonFailure: expected:<...rsseparatedbyspaces>[0isthesmallest]> but was:<...rsseparatedbyspaces>[]>
	at org.junit.Assert.assertEquals(Assert.java:115)
	at org.junit.Assert.assertEquals(Assert.java:144)
	at introclassJava.smallest_1b31fa5c_003WhiteboxTest.test7(smallest_1b31fa5c_003WhiteboxTest.java:68)
	at sun.reflect.NativeMethodAccessorImpl.invoke0(Native Method)
	at sun.reflect.NativeMethodAccessorImpl.invoke(NativeMethodAccessorImpl.java:62)
	at sun.reflect.DelegatingMethodAccessorImpl.invoke(DelegatingMethodAccessorImpl.java:43)
	at java.lang.reflect.Method.invoke(Method.java:498)
	at org.junit.runners.model.FrameworkMethod$1.runReflectiveCall(FrameworkMethod.java:47)
	at org.junit.internal.runners.model.ReflectiveCallable.run(ReflectiveCallable.java:12)
	at org.junit.runners.model.FrameworkMethod.invokeExplosively(FrameworkMethod.java:44)
	at org.junit.internal.runners.statements.InvokeMethod.evaluate(InvokeMethod.java:17)
	at org.junit.internal.runners.statements.FailOnTimeout$StatementThread.run(FailOnTimeout.java:74)

FAILURES!!!
Tests run: 1,  Failures: 1

introclassJava.smallest_1b31fa5c_003BlackboxTest#test2
.
Time: 0.018

OK (1 test)

introclassJava.smallest_1b31fa5c_003BlackboxTest#test1
.
Time: 0.021

OK (1 test)

introclassJava.smallest_1b31fa5c_003WhiteboxTest#test2
.E
Time: 0.031
There was 1 failure:
1) test2(introclassJava.smallest_1b31fa5c_003WhiteboxTest)
org.junit.ComparisonFailure: expected:<...rsseparatedbyspaces>[0isthesmallest]> but was:<...rsseparatedbyspaces>[]>
	at org.junit.Assert.assertEquals(Assert.java:115)
	at org.junit.Assert.assertEquals(Assert.java:144)
	at introclassJava.smallest_1b31fa5c_003WhiteboxTest.test2(smallest_1b31fa5c_003WhiteboxTest.java:23)
	at sun.reflect.NativeMethodAccessorImpl.invoke0(Native Method)
	at sun.reflect.NativeMethodAccessorImpl.invoke(NativeMethodAccessorImpl.java:62)
	at sun.reflect.DelegatingMethodAccessorImpl.invoke(DelegatingMethodAccessorImpl.java:43)
	at java.lang.reflect.Method.invoke(Method.java:498)
	at org.junit.runners.model.FrameworkMethod$1.runReflectiveCall(FrameworkMethod.java:47)
	at org.junit.internal.runners.model.ReflectiveCallable.run(ReflectiveCallable.java:12)
	at org.junit.runners.model.FrameworkMethod.invokeExplosively(FrameworkMethod.java:44)
	at org.junit.internal.runners.statements.InvokeMethod.evaluate(InvokeMethod.java:17)
	at org.junit.internal.runners.statements.FailOnTimeout$StatementThread.run(FailOnTimeout.java:74)

FAILURES!!!
Tests run: 1,  Failures: 1

introclassJava.smallest_1b31fa5c_003WhiteboxTest#test1
.E
Time: 0.012
There was 1 failure:
1) test1(introclassJava.smallest_1b31fa5c_003WhiteboxTest)
org.junit.ComparisonFailure: expected:<...rsseparatedbyspaces>[0isthesmallest]> but was:<...rsseparatedbyspaces>[]>
	at org.junit.Assert.assertEquals(Assert.java:115)
	at org.junit.Assert.assertEquals(Assert.java:144)
	at introclassJava.smallest_1b31fa5c_003WhiteboxTest.test1(smallest_1b31fa5c_003WhiteboxTest.java:14)
	at sun.reflect.NativeMethodAccessorImpl.invoke0(Native Method)
	at sun.reflect.NativeMethodAccessorImpl.invoke(NativeMethodAccessorImpl.java:62)
	at sun.reflect.DelegatingMethodAccessorImpl.invoke(DelegatingMethodAccessorImpl.java:43)
	at java.lang.reflect.Method.invoke(Method.java:498)
	at org.junit.runners.model.FrameworkMethod$1.runReflectiveCall(FrameworkMethod.java:47)
	at org.junit.internal.runners.model.ReflectiveCallable.run(ReflectiveCallable.java:12)
	at org.junit.runners.model.FrameworkMethod.invokeExplosively(FrameworkMethod.java:44)
	at org.junit.internal.runners.statements.InvokeMethod.evaluate(InvokeMethod.java:17)
	at org.junit.internal.runners.statements.FailOnTimeout$StatementThread.run(FailOnTimeout.java:74)

FAILURES!!!
Tests run: 1,  Failures: 1

introclassJava.smallest_1b31fa5c_003WhiteboxTest#test4
.E
Time: 0.017
There was 1 failure:
1) test4(introclassJava.smallest_1b31fa5c_003WhiteboxTest)
org.junit.ComparisonFailure: expected:<...rsseparatedbyspaces>[0isthesmallest]> but was:<...rsseparatedbyspaces>[]>
	at org.junit.Assert.assertEquals(Assert.java:115)
	at org.junit.Assert.assertEquals(Assert.java:144)
	at introclassJava.smallest_1b31fa5c_003WhiteboxTest.test4(smallest_1b31fa5c_003WhiteboxTest.java:41)
	at sun.reflect.NativeMethodAccessorImpl.invoke0(Native Method)
	at sun.reflect.NativeMethodAccessorImpl.invoke(NativeMethodAccessorImpl.java:62)
	at sun.reflect.DelegatingMethodAccessorImpl.invoke(DelegatingMethodAccessorImpl.java:43)
	at java.lang.reflect.Method.invoke(Method.java:498)
	at org.junit.runners.model.FrameworkMethod$1.runReflectiveCall(FrameworkMethod.java:47)
	at org.junit.internal.runners.model.ReflectiveCallable.run(ReflectiveCallable.java:12)
	at org.junit.runners.model.FrameworkMethod.invokeExplosively(FrameworkMethod.java:44)
	at org.junit.internal.runners.statements.InvokeMethod.evaluate(InvokeMethod.java:17)
	at org.junit.internal.runners.statements.FailOnTimeout$StatementThread.run(FailOnTimeout.java:74)

FAILURES!!!
Tests run: 1,  Failures: 1

introclassJava.smallest_1b31fa5c_003WhiteboxTest#test3
.E
Time: 0.015
There was 1 failure:
1) test3(introclassJava.smallest_1b31fa5c_003WhiteboxTest)
org.junit.ComparisonFailure: expected:<...rsseparatedbyspaces>[0isthesmallest]> but was:<...rsseparatedbyspaces>[]>
	at org.junit.Assert.assertEquals(Assert.java:115)
	at org.junit.Assert.assertEquals(Assert.java:144)
	at introclassJava.smallest_1b31fa5c_003WhiteboxTest.test3(smallest_1b31fa5c_003WhiteboxTest.java:32)
	at sun.reflect.NativeMethodAccessorImpl.invoke0(Native Method)
	at sun.reflect.NativeMethodAccessorImpl.invoke(NativeMethodAccessorImpl.java:62)
	at sun.reflect.DelegatingMethodAccessorImpl.invoke(DelegatingMethodAccessorImpl.java:43)
	at java.lang.reflect.Method.invoke(Method.java:498)
	at org.junit.runners.model.FrameworkMethod$1.runReflectiveCall(FrameworkMethod.java:47)
	at org.junit.internal.runners.model.ReflectiveCallable.run(ReflectiveCallable.java:12)
	at org.junit.runners.model.FrameworkMethod.invokeExplosively(FrameworkMethod.java:44)
	at org.junit.internal.runners.statements.InvokeMethod.evaluate(InvokeMethod.java:17)
	at org.junit.internal.runners.statements.FailOnTimeout$StatementThread.run(FailOnTimeout.java:74)

FAILURES!!!
Tests run: 1,  Failures: 1

