Picked up _JAVA_OPTIONS: -Xmx2048m -Xms512m
introclassJava.smallest_97f6b152_003BlackboxTest#test6
.E
Time: 0.259
There was 1 failure:
1) test6(introclassJava.smallest_97f6b152_003BlackboxTest)
org.junit.ComparisonFailure: expected:<...rsseparatedbyspaces>[2]isthesmallest> but was:<...rsseparatedbyspaces>[3]isthesmallest>
	at org.junit.Assert.assertEquals(Assert.java:115)
	at org.junit.Assert.assertEquals(Assert.java:144)
	at introclassJava.smallest_97f6b152_003BlackboxTest.test6(smallest_97f6b152_003BlackboxTest.java:59)
	at sun.reflect.NativeMethodAccessorImpl.invoke0(Native Method)
	at sun.reflect.NativeMethodAccessorImpl.invoke(NativeMethodAccessorImpl.java:62)
	at sun.reflect.DelegatingMethodAccessorImpl.invoke(DelegatingMethodAccessorImpl.java:43)
	at java.lang.reflect.Method.invoke(Method.java:498)
	at org.junit.runners.model.FrameworkMethod$1.runReflectiveCall(FrameworkMethod.java:47)
	at org.junit.internal.runners.model.ReflectiveCallable.run(ReflectiveCallable.java:12)
	at org.junit.runners.model.FrameworkMethod.invokeExplosively(FrameworkMethod.java:44)
	at org.junit.internal.runners.statements.InvokeMethod.evaluate(InvokeMethod.java:17)
	at org.junit.internal.runners.statements.FailOnTimeout$StatementThread.run(FailOnTimeout.java:74)

FAILURES!!!
Tests run: 1,  Failures: 1

introclassJava.smallest_97f6b152_003BlackboxTest#test7
.
Time: 0.021

OK (1 test)

introclassJava.smallest_97f6b152_003BlackboxTest#test8
.
Time: 0.025

OK (1 test)

introclassJava.smallest_97f6b152_003WhiteboxTest#test2
.E
Time: 0.023
There was 1 failure:
1) test2(introclassJava.smallest_97f6b152_003WhiteboxTest)
org.junit.ComparisonFailure: expected:<...rsseparatedbyspaces>[0]isthesmallest> but was:<...rsseparatedbyspaces>[2]isthesmallest>
	at org.junit.Assert.assertEquals(Assert.java:115)
	at org.junit.Assert.assertEquals(Assert.java:144)
	at introclassJava.smallest_97f6b152_003WhiteboxTest.test2(smallest_97f6b152_003WhiteboxTest.java:23)
	at sun.reflect.NativeMethodAccessorImpl.invoke0(Native Method)
	at sun.reflect.NativeMethodAccessorImpl.invoke(NativeMethodAccessorImpl.java:62)
	at sun.reflect.DelegatingMethodAccessorImpl.invoke(DelegatingMethodAccessorImpl.java:43)
	at java.lang.reflect.Method.invoke(Method.java:498)
	at org.junit.runners.model.FrameworkMethod$1.runReflectiveCall(FrameworkMethod.java:47)
	at org.junit.internal.runners.model.ReflectiveCallable.run(ReflectiveCallable.java:12)
	at org.junit.runners.model.FrameworkMethod.invokeExplosively(FrameworkMethod.java:44)
	at org.junit.internal.runners.statements.InvokeMethod.evaluate(InvokeMethod.java:17)
	at org.junit.internal.runners.statements.FailOnTimeout$StatementThread.run(FailOnTimeout.java:74)

FAILURES!!!
Tests run: 1,  Failures: 1

introclassJava.smallest_97f6b152_003BlackboxTest#test1
.
Time: 0.018

OK (1 test)

introclassJava.smallest_97f6b152_003BlackboxTest#test2
.
Time: 0.013

OK (1 test)

introclassJava.smallest_97f6b152_003BlackboxTest#test3
.
Time: 0.018

OK (1 test)

introclassJava.smallest_97f6b152_003BlackboxTest#test4
.
Time: 0.022

OK (1 test)

introclassJava.smallest_97f6b152_003WhiteboxTest#test6
.
Time: 0.016

OK (1 test)

introclassJava.smallest_97f6b152_003WhiteboxTest#test4
.E
Time: 0.019
There was 1 failure:
1) test4(introclassJava.smallest_97f6b152_003WhiteboxTest)
org.junit.ComparisonFailure: expected:<...rsseparatedbyspaces>[0]isthesmallest> but was:<...rsseparatedbyspaces>[1]isthesmallest>
	at org.junit.Assert.assertEquals(Assert.java:115)
	at org.junit.Assert.assertEquals(Assert.java:144)
	at introclassJava.smallest_97f6b152_003WhiteboxTest.test4(smallest_97f6b152_003WhiteboxTest.java:41)
	at sun.reflect.NativeMethodAccessorImpl.invoke0(Native Method)
	at sun.reflect.NativeMethodAccessorImpl.invoke(NativeMethodAccessorImpl.java:62)
	at sun.reflect.DelegatingMethodAccessorImpl.invoke(DelegatingMethodAccessorImpl.java:43)
	at java.lang.reflect.Method.invoke(Method.java:498)
	at org.junit.runners.model.FrameworkMethod$1.runReflectiveCall(FrameworkMethod.java:47)
	at org.junit.internal.runners.model.ReflectiveCallable.run(ReflectiveCallable.java:12)
	at org.junit.runners.model.FrameworkMethod.invokeExplosively(FrameworkMethod.java:44)
	at org.junit.internal.runners.statements.InvokeMethod.evaluate(InvokeMethod.java:17)
	at org.junit.internal.runners.statements.FailOnTimeout$StatementThread.run(FailOnTimeout.java:74)

FAILURES!!!
Tests run: 1,  Failures: 1

introclassJava.smallest_97f6b152_003WhiteboxTest#test8
.
Time: 0.015

OK (1 test)

