Picked up _JAVA_OPTIONS: -Xmx2048m -Xms512m
introclassJava.smallest_88394fc0_002WhiteboxTest#test4
.E
Time: 0.913
There was 1 failure:
1) test4(introclassJava.smallest_88394fc0_002WhiteboxTest)
org.junit.ComparisonFailure: expected:<...rsseparatedbyspaces>[0]isthesmallest> but was:<...rsseparatedbyspaces>[1]isthesmallest>
	at org.junit.Assert.assertEquals(Assert.java:115)
	at org.junit.Assert.assertEquals(Assert.java:144)
	at introclassJava.smallest_88394fc0_002WhiteboxTest.test4(smallest_88394fc0_002WhiteboxTest.java:41)
	at sun.reflect.NativeMethodAccessorImpl.invoke0(Native Method)
	at sun.reflect.NativeMethodAccessorImpl.invoke(NativeMethodAccessorImpl.java:62)
	at sun.reflect.DelegatingMethodAccessorImpl.invoke(DelegatingMethodAccessorImpl.java:43)
	at java.lang.reflect.Method.invoke(Method.java:498)
	at org.junit.runners.model.FrameworkMethod$1.runReflectiveCall(FrameworkMethod.java:47)
	at org.junit.internal.runners.model.ReflectiveCallable.run(ReflectiveCallable.java:12)
	at org.junit.runners.model.FrameworkMethod.invokeExplosively(FrameworkMethod.java:44)
	at org.junit.internal.runners.statements.InvokeMethod.evaluate(InvokeMethod.java:17)
	at org.junit.internal.runners.statements.FailOnTimeout$StatementThread.run(FailOnTimeout.java:74)

FAILURES!!!
Tests run: 1,  Failures: 1

introclassJava.smallest_88394fc0_002WhiteboxTest#test8
.E
Time: 0.02
There was 1 failure:
1) test8(introclassJava.smallest_88394fc0_002WhiteboxTest)
org.junit.ComparisonFailure: expected:<...rsseparatedbyspaces>[0]isthesmallest> but was:<...rsseparatedbyspaces>[1]isthesmallest>
	at org.junit.Assert.assertEquals(Assert.java:115)
	at org.junit.Assert.assertEquals(Assert.java:144)
	at introclassJava.smallest_88394fc0_002WhiteboxTest.test8(smallest_88394fc0_002WhiteboxTest.java:77)
	at sun.reflect.NativeMethodAccessorImpl.invoke0(Native Method)
	at sun.reflect.NativeMethodAccessorImpl.invoke(NativeMethodAccessorImpl.java:62)
	at sun.reflect.DelegatingMethodAccessorImpl.invoke(DelegatingMethodAccessorImpl.java:43)
	at java.lang.reflect.Method.invoke(Method.java:498)
	at org.junit.runners.model.FrameworkMethod$1.runReflectiveCall(FrameworkMethod.java:47)
	at org.junit.internal.runners.model.ReflectiveCallable.run(ReflectiveCallable.java:12)
	at org.junit.runners.model.FrameworkMethod.invokeExplosively(FrameworkMethod.java:44)
	at org.junit.internal.runners.statements.InvokeMethod.evaluate(InvokeMethod.java:17)
	at org.junit.internal.runners.statements.FailOnTimeout$StatementThread.run(FailOnTimeout.java:74)

FAILURES!!!
Tests run: 1,  Failures: 1

