Picked up _JAVA_OPTIONS: -Xmx2048m -Xms512m
introclassJava.smallest_dedc2a7c_000BlackboxTest#test2
.
Time: 0.324

OK (1 test)

introclassJava.smallest_dedc2a7c_000BlackboxTest#test1
.
Time: 0.019

OK (1 test)

introclassJava.smallest_dedc2a7c_000WhiteboxTest#test8
.
Time: 0.017

OK (1 test)

introclassJava.smallest_dedc2a7c_000WhiteboxTest#test6
.
Time: 0.02

OK (1 test)

introclassJava.smallest_dedc2a7c_000WhiteboxTest#test4
.E
Time: 0.023
There was 1 failure:
1) test4(introclassJava.smallest_dedc2a7c_000WhiteboxTest)
org.junit.ComparisonFailure: expected:<...rsseparatedbyspaces>[0]isthesmallest> but was:<...rsseparatedbyspaces>[1]isthesmallest>
	at org.junit.Assert.assertEquals(Assert.java:115)
	at org.junit.Assert.assertEquals(Assert.java:144)
	at introclassJava.smallest_dedc2a7c_000WhiteboxTest.test4(smallest_dedc2a7c_000WhiteboxTest.java:41)
	at sun.reflect.NativeMethodAccessorImpl.invoke0(Native Method)
	at sun.reflect.NativeMethodAccessorImpl.invoke(NativeMethodAccessorImpl.java:62)
	at sun.reflect.DelegatingMethodAccessorImpl.invoke(DelegatingMethodAccessorImpl.java:43)
	at java.lang.reflect.Method.invoke(Method.java:498)
	at org.junit.runners.model.FrameworkMethod$1.runReflectiveCall(FrameworkMethod.java:47)
	at org.junit.internal.runners.model.ReflectiveCallable.run(ReflectiveCallable.java:12)
	at org.junit.runners.model.FrameworkMethod.invokeExplosively(FrameworkMethod.java:44)
	at org.junit.internal.runners.statements.InvokeMethod.evaluate(InvokeMethod.java:17)
	at org.junit.internal.runners.statements.FailOnTimeout$StatementThread.run(FailOnTimeout.java:74)

FAILURES!!!
Tests run: 1,  Failures: 1

introclassJava.smallest_dedc2a7c_000BlackboxTest#test8
.
Time: 0.017

OK (1 test)

introclassJava.smallest_dedc2a7c_000WhiteboxTest#test2
.E
Time: 0.014
There was 1 failure:
1) test2(introclassJava.smallest_dedc2a7c_000WhiteboxTest)
org.junit.ComparisonFailure: expected:<...rsseparatedbyspaces>[0]isthesmallest> but was:<...rsseparatedbyspaces>[2]isthesmallest>
	at org.junit.Assert.assertEquals(Assert.java:115)
	at org.junit.Assert.assertEquals(Assert.java:144)
	at introclassJava.smallest_dedc2a7c_000WhiteboxTest.test2(smallest_dedc2a7c_000WhiteboxTest.java:23)
	at sun.reflect.NativeMethodAccessorImpl.invoke0(Native Method)
	at sun.reflect.NativeMethodAccessorImpl.invoke(NativeMethodAccessorImpl.java:62)
	at sun.reflect.DelegatingMethodAccessorImpl.invoke(DelegatingMethodAccessorImpl.java:43)
	at java.lang.reflect.Method.invoke(Method.java:498)
	at org.junit.runners.model.FrameworkMethod$1.runReflectiveCall(FrameworkMethod.java:47)
	at org.junit.internal.runners.model.ReflectiveCallable.run(ReflectiveCallable.java:12)
	at org.junit.runners.model.FrameworkMethod.invokeExplosively(FrameworkMethod.java:44)
	at org.junit.internal.runners.statements.InvokeMethod.evaluate(InvokeMethod.java:17)
	at org.junit.internal.runners.statements.FailOnTimeout$StatementThread.run(FailOnTimeout.java:74)

FAILURES!!!
Tests run: 1,  Failures: 1

introclassJava.smallest_dedc2a7c_000BlackboxTest#test7
.
Time: 0.019

OK (1 test)

introclassJava.smallest_dedc2a7c_000BlackboxTest#test6
.E
Time: 0.016
There was 1 failure:
1) test6(introclassJava.smallest_dedc2a7c_000BlackboxTest)
org.junit.ComparisonFailure: expected:<...rsseparatedbyspaces>[2]isthesmallest> but was:<...rsseparatedbyspaces>[3]isthesmallest>
	at org.junit.Assert.assertEquals(Assert.java:115)
	at org.junit.Assert.assertEquals(Assert.java:144)
	at introclassJava.smallest_dedc2a7c_000BlackboxTest.test6(smallest_dedc2a7c_000BlackboxTest.java:59)
	at sun.reflect.NativeMethodAccessorImpl.invoke0(Native Method)
	at sun.reflect.NativeMethodAccessorImpl.invoke(NativeMethodAccessorImpl.java:62)
	at sun.reflect.DelegatingMethodAccessorImpl.invoke(DelegatingMethodAccessorImpl.java:43)
	at java.lang.reflect.Method.invoke(Method.java:498)
	at org.junit.runners.model.FrameworkMethod$1.runReflectiveCall(FrameworkMethod.java:47)
	at org.junit.internal.runners.model.ReflectiveCallable.run(ReflectiveCallable.java:12)
	at org.junit.runners.model.FrameworkMethod.invokeExplosively(FrameworkMethod.java:44)
	at org.junit.internal.runners.statements.InvokeMethod.evaluate(InvokeMethod.java:17)
	at org.junit.internal.runners.statements.FailOnTimeout$StatementThread.run(FailOnTimeout.java:74)

FAILURES!!!
Tests run: 1,  Failures: 1

introclassJava.smallest_dedc2a7c_000BlackboxTest#test4
.
Time: 0.016

OK (1 test)

introclassJava.smallest_dedc2a7c_000BlackboxTest#test3
.
Time: 0.039

OK (1 test)

