Picked up _JAVA_OPTIONS: -Xmx2048m -Xms512m
introclassJava.median_3cf6d33a_007WhiteboxTest#test5
.E
Time: 1.487
There was 1 failure:
1) test5(introclassJava.median_3cf6d33a_007WhiteboxTest)
java.lang.Exception: test timed out after 1000 milliseconds
	at java.util.Locale.toLanguageTag(Locale.java:1403)
	at sun.util.locale.provider.LocaleProviderAdapter.isSupportedLocale(LocaleProviderAdapter.java:310)
	at sun.util.locale.provider.NumberFormatProviderImpl.isSupportedLocale(NumberFormatProviderImpl.java:89)
	at sun.util.locale.provider.LocaleProviderAdapter.findAdapter(LocaleProviderAdapter.java:286)
	at sun.util.locale.provider.LocaleProviderAdapter.getAdapter(LocaleProviderAdapter.java:254)
	at java.text.NumberFormat.getInstance(NumberFormat.java:859)
	at java.text.NumberFormat.getNumberInstance(NumberFormat.java:469)
	at java.util.Scanner.useLocale(Scanner.java:1186)
	at java.util.Scanner.<init>(Scanner.java:540)
	at java.util.Scanner.<init>(Scanner.java:702)
	at introclassJava.median_3cf6d33a_007WhiteboxTest.test5(median_3cf6d33a_007WhiteboxTest.java:47)
	at sun.reflect.NativeMethodAccessorImpl.invoke0(Native Method)
	at sun.reflect.NativeMethodAccessorImpl.invoke(NativeMethodAccessorImpl.java:62)
	at sun.reflect.DelegatingMethodAccessorImpl.invoke(DelegatingMethodAccessorImpl.java:43)
	at java.lang.reflect.Method.invoke(Method.java:498)
	at org.junit.runners.model.FrameworkMethod$1.runReflectiveCall(FrameworkMethod.java:47)
	at org.junit.internal.runners.model.ReflectiveCallable.run(ReflectiveCallable.java:12)
	at org.junit.runners.model.FrameworkMethod.invokeExplosively(FrameworkMethod.java:44)
	at org.junit.internal.runners.statements.InvokeMethod.evaluate(InvokeMethod.java:17)
	at org.junit.internal.runners.statements.FailOnTimeout$StatementThread.run(FailOnTimeout.java:74)

FAILURES!!!
Tests run: 1,  Failures: 1

introclassJava.median_3cf6d33a_007WhiteboxTest#test3
.E
Time: 0.018
There was 1 failure:
1) test3(introclassJava.median_3cf6d33a_007WhiteboxTest)
org.junit.ComparisonFailure: expected:<...rsseparatedbyspaces>[0isthemedian]> but was:<...rsseparatedbyspaces>[]>
	at org.junit.Assert.assertEquals(Assert.java:115)
	at org.junit.Assert.assertEquals(Assert.java:144)
	at introclassJava.median_3cf6d33a_007WhiteboxTest.test3(median_3cf6d33a_007WhiteboxTest.java:32)
	at sun.reflect.NativeMethodAccessorImpl.invoke0(Native Method)
	at sun.reflect.NativeMethodAccessorImpl.invoke(NativeMethodAccessorImpl.java:62)
	at sun.reflect.DelegatingMethodAccessorImpl.invoke(DelegatingMethodAccessorImpl.java:43)
	at java.lang.reflect.Method.invoke(Method.java:498)
	at org.junit.runners.model.FrameworkMethod$1.runReflectiveCall(FrameworkMethod.java:47)
	at org.junit.internal.runners.model.ReflectiveCallable.run(ReflectiveCallable.java:12)
	at org.junit.runners.model.FrameworkMethod.invokeExplosively(FrameworkMethod.java:44)
	at org.junit.internal.runners.statements.InvokeMethod.evaluate(InvokeMethod.java:17)
	at org.junit.internal.runners.statements.FailOnTimeout$StatementThread.run(FailOnTimeout.java:74)

FAILURES!!!
Tests run: 1,  Failures: 1

introclassJava.median_3cf6d33a_007WhiteboxTest#test4
.E
Time: 0.035
There was 1 failure:
1) test4(introclassJava.median_3cf6d33a_007WhiteboxTest)
org.junit.ComparisonFailure: expected:<...rsseparatedbyspaces>[0isthemedian]> but was:<...rsseparatedbyspaces>[]>
	at org.junit.Assert.assertEquals(Assert.java:115)
	at org.junit.Assert.assertEquals(Assert.java:144)
	at introclassJava.median_3cf6d33a_007WhiteboxTest.test4(median_3cf6d33a_007WhiteboxTest.java:41)
	at sun.reflect.NativeMethodAccessorImpl.invoke0(Native Method)
	at sun.reflect.NativeMethodAccessorImpl.invoke(NativeMethodAccessorImpl.java:62)
	at sun.reflect.DelegatingMethodAccessorImpl.invoke(DelegatingMethodAccessorImpl.java:43)
	at java.lang.reflect.Method.invoke(Method.java:498)
	at org.junit.runners.model.FrameworkMethod$1.runReflectiveCall(FrameworkMethod.java:47)
	at org.junit.internal.runners.model.ReflectiveCallable.run(ReflectiveCallable.java:12)
	at org.junit.runners.model.FrameworkMethod.invokeExplosively(FrameworkMethod.java:44)
	at org.junit.internal.runners.statements.InvokeMethod.evaluate(InvokeMethod.java:17)
	at org.junit.internal.runners.statements.FailOnTimeout$StatementThread.run(FailOnTimeout.java:74)

FAILURES!!!
Tests run: 1,  Failures: 1

introclassJava.median_3cf6d33a_007WhiteboxTest#test1
.E
Time: 0.022
There was 1 failure:
1) test1(introclassJava.median_3cf6d33a_007WhiteboxTest)
org.junit.ComparisonFailure: expected:<...rsseparatedbyspaces>[0isthemedian]> but was:<...rsseparatedbyspaces>[]>
	at org.junit.Assert.assertEquals(Assert.java:115)
	at org.junit.Assert.assertEquals(Assert.java:144)
	at introclassJava.median_3cf6d33a_007WhiteboxTest.test1(median_3cf6d33a_007WhiteboxTest.java:14)
	at sun.reflect.NativeMethodAccessorImpl.invoke0(Native Method)
	at sun.reflect.NativeMethodAccessorImpl.invoke(NativeMethodAccessorImpl.java:62)
	at sun.reflect.DelegatingMethodAccessorImpl.invoke(DelegatingMethodAccessorImpl.java:43)
	at java.lang.reflect.Method.invoke(Method.java:498)
	at org.junit.runners.model.FrameworkMethod$1.runReflectiveCall(FrameworkMethod.java:47)
	at org.junit.internal.runners.model.ReflectiveCallable.run(ReflectiveCallable.java:12)
	at org.junit.runners.model.FrameworkMethod.invokeExplosively(FrameworkMethod.java:44)
	at org.junit.internal.runners.statements.InvokeMethod.evaluate(InvokeMethod.java:17)
	at org.junit.internal.runners.statements.FailOnTimeout$StatementThread.run(FailOnTimeout.java:74)

FAILURES!!!
Tests run: 1,  Failures: 1

introclassJava.median_3cf6d33a_007BlackboxTest#test7
.E
Time: 0.024
There was 1 failure:
1) test7(introclassJava.median_3cf6d33a_007BlackboxTest)
org.junit.ComparisonFailure: expected:<...rsseparatedbyspaces>[9isthemedian]> but was:<...rsseparatedbyspaces>[]>
	at org.junit.Assert.assertEquals(Assert.java:115)
	at org.junit.Assert.assertEquals(Assert.java:144)
	at introclassJava.median_3cf6d33a_007BlackboxTest.test7(median_3cf6d33a_007BlackboxTest.java:68)
	at sun.reflect.NativeMethodAccessorImpl.invoke0(Native Method)
	at sun.reflect.NativeMethodAccessorImpl.invoke(NativeMethodAccessorImpl.java:62)
	at sun.reflect.DelegatingMethodAccessorImpl.invoke(DelegatingMethodAccessorImpl.java:43)
	at java.lang.reflect.Method.invoke(Method.java:498)
	at org.junit.runners.model.FrameworkMethod$1.runReflectiveCall(FrameworkMethod.java:47)
	at org.junit.internal.runners.model.ReflectiveCallable.run(ReflectiveCallable.java:12)
	at org.junit.runners.model.FrameworkMethod.invokeExplosively(FrameworkMethod.java:44)
	at org.junit.internal.runners.statements.InvokeMethod.evaluate(InvokeMethod.java:17)
	at org.junit.internal.runners.statements.FailOnTimeout$StatementThread.run(FailOnTimeout.java:74)

FAILURES!!!
Tests run: 1,  Failures: 1

introclassJava.median_3cf6d33a_007WhiteboxTest#test2
.
Time: 0.015

OK (1 test)

introclassJava.median_3cf6d33a_007BlackboxTest#test5
.
Time: 0.015

OK (1 test)

introclassJava.median_3cf6d33a_007BlackboxTest#test4
.
Time: 0.015

OK (1 test)

introclassJava.median_3cf6d33a_007BlackboxTest#test3
.
Time: 0.027

OK (1 test)

introclassJava.median_3cf6d33a_007BlackboxTest#test2
.
Time: 0.014

OK (1 test)

