Picked up _JAVA_OPTIONS: -Xmx2048m -Xms512m
introclassJava.smallest_15cb07a7_007BlackboxTest#test8
.
Time: 0.239

OK (1 test)

introclassJava.smallest_15cb07a7_007BlackboxTest#test7
.
Time: 0.013

OK (1 test)

introclassJava.smallest_15cb07a7_007WhiteboxTest#test8
.
Time: 0.018

OK (1 test)

introclassJava.smallest_15cb07a7_007BlackboxTest#test2
.
Time: 0.011

OK (1 test)

introclassJava.smallest_15cb07a7_007WhiteboxTest#test6
.
Time: 0.013

OK (1 test)

introclassJava.smallest_15cb07a7_007BlackboxTest#test1
.
Time: 0.011

OK (1 test)

introclassJava.smallest_15cb07a7_007WhiteboxTest#test4
.E
Time: 0.012
There was 1 failure:
1) test4(introclassJava.smallest_15cb07a7_007WhiteboxTest)
org.junit.ComparisonFailure: expected:<...rsseparatedbyspaces>[0]isthesmallest> but was:<...rsseparatedbyspaces>[1]isthesmallest>
	at org.junit.Assert.assertEquals(Assert.java:115)
	at org.junit.Assert.assertEquals(Assert.java:144)
	at introclassJava.smallest_15cb07a7_007WhiteboxTest.test4(smallest_15cb07a7_007WhiteboxTest.java:41)
	at sun.reflect.NativeMethodAccessorImpl.invoke0(Native Method)
	at sun.reflect.NativeMethodAccessorImpl.invoke(NativeMethodAccessorImpl.java:62)
	at sun.reflect.DelegatingMethodAccessorImpl.invoke(DelegatingMethodAccessorImpl.java:43)
	at java.lang.reflect.Method.invoke(Method.java:498)
	at org.junit.runners.model.FrameworkMethod$1.runReflectiveCall(FrameworkMethod.java:47)
	at org.junit.internal.runners.model.ReflectiveCallable.run(ReflectiveCallable.java:12)
	at org.junit.runners.model.FrameworkMethod.invokeExplosively(FrameworkMethod.java:44)
	at org.junit.internal.runners.statements.InvokeMethod.evaluate(InvokeMethod.java:17)
	at org.junit.internal.runners.statements.FailOnTimeout$StatementThread.run(FailOnTimeout.java:74)

FAILURES!!!
Tests run: 1,  Failures: 1

introclassJava.smallest_15cb07a7_007BlackboxTest#test4
.
Time: 0.013

OK (1 test)

introclassJava.smallest_15cb07a7_007BlackboxTest#test3
.
Time: 0.011

OK (1 test)

introclassJava.smallest_15cb07a7_007WhiteboxTest#test2
.E
Time: 0.015
There was 1 failure:
1) test2(introclassJava.smallest_15cb07a7_007WhiteboxTest)
org.junit.ComparisonFailure: expected:<...rsseparatedbyspaces>[0]isthesmallest> but was:<...rsseparatedbyspaces>[2]isthesmallest>
	at org.junit.Assert.assertEquals(Assert.java:115)
	at org.junit.Assert.assertEquals(Assert.java:144)
	at introclassJava.smallest_15cb07a7_007WhiteboxTest.test2(smallest_15cb07a7_007WhiteboxTest.java:23)
	at sun.reflect.NativeMethodAccessorImpl.invoke0(Native Method)
	at sun.reflect.NativeMethodAccessorImpl.invoke(NativeMethodAccessorImpl.java:62)
	at sun.reflect.DelegatingMethodAccessorImpl.invoke(DelegatingMethodAccessorImpl.java:43)
	at java.lang.reflect.Method.invoke(Method.java:498)
	at org.junit.runners.model.FrameworkMethod$1.runReflectiveCall(FrameworkMethod.java:47)
	at org.junit.internal.runners.model.ReflectiveCallable.run(ReflectiveCallable.java:12)
	at org.junit.runners.model.FrameworkMethod.invokeExplosively(FrameworkMethod.java:44)
	at org.junit.internal.runners.statements.InvokeMethod.evaluate(InvokeMethod.java:17)
	at org.junit.internal.runners.statements.FailOnTimeout$StatementThread.run(FailOnTimeout.java:74)

FAILURES!!!
Tests run: 1,  Failures: 1

introclassJava.smallest_15cb07a7_007BlackboxTest#test6
.E
Time: 0.01
There was 1 failure:
1) test6(introclassJava.smallest_15cb07a7_007BlackboxTest)
org.junit.ComparisonFailure: expected:<...rsseparatedbyspaces>[2]isthesmallest> but was:<...rsseparatedbyspaces>[3]isthesmallest>
	at org.junit.Assert.assertEquals(Assert.java:115)
	at org.junit.Assert.assertEquals(Assert.java:144)
	at introclassJava.smallest_15cb07a7_007BlackboxTest.test6(smallest_15cb07a7_007BlackboxTest.java:59)
	at sun.reflect.NativeMethodAccessorImpl.invoke0(Native Method)
	at sun.reflect.NativeMethodAccessorImpl.invoke(NativeMethodAccessorImpl.java:62)
	at sun.reflect.DelegatingMethodAccessorImpl.invoke(DelegatingMethodAccessorImpl.java:43)
	at java.lang.reflect.Method.invoke(Method.java:498)
	at org.junit.runners.model.FrameworkMethod$1.runReflectiveCall(FrameworkMethod.java:47)
	at org.junit.internal.runners.model.ReflectiveCallable.run(ReflectiveCallable.java:12)
	at org.junit.runners.model.FrameworkMethod.invokeExplosively(FrameworkMethod.java:44)
	at org.junit.internal.runners.statements.InvokeMethod.evaluate(InvokeMethod.java:17)
	at org.junit.internal.runners.statements.FailOnTimeout$StatementThread.run(FailOnTimeout.java:74)

FAILURES!!!
Tests run: 1,  Failures: 1

