Picked up _JAVA_OPTIONS: -Xmx2048m -Xms512m
introclassJava.syllables_ca505766_003BlackboxTest#test1
.E
Time: 1.864
There was 1 failure:
1) test1(introclassJava.syllables_ca505766_003BlackboxTest)
java.lang.Exception: test timed out after 1000 milliseconds
	at sun.util.locale.provider.JRELocaleProviderAdapter$1.run(JRELocaleProviderAdapter.java:457)
	at java.security.AccessController.doPrivileged(Native Method)
	at sun.util.locale.provider.JRELocaleProviderAdapter.isNonENLangSupported(JRELocaleProviderAdapter.java:457)
	at sun.util.locale.provider.JRELocaleProviderAdapter.createLanguageTagSet(JRELocaleProviderAdapter.java:368)
	at sun.util.locale.provider.JRELocaleProviderAdapter.getLanguageTagSet(JRELocaleProviderAdapter.java:349)
	at sun.util.locale.provider.JRELocaleProviderAdapter.getNumberFormatProvider(JRELocaleProviderAdapter.java:207)
	at sun.util.locale.provider.JRELocaleProviderAdapter.getLocaleServiceProvider(JRELocaleProviderAdapter.java:98)
	at sun.util.locale.provider.LocaleProviderAdapter.findAdapter(LocaleProviderAdapter.java:284)
	at sun.util.locale.provider.LocaleProviderAdapter.getAdapter(LocaleProviderAdapter.java:254)
	at java.text.NumberFormat.getInstance(NumberFormat.java:859)
	at java.text.NumberFormat.getNumberInstance(NumberFormat.java:469)
	at java.util.Scanner.useLocale(Scanner.java:1186)
	at java.util.Scanner.<init>(Scanner.java:540)
	at java.util.Scanner.<init>(Scanner.java:702)
	at introclassJava.syllables_ca505766_003BlackboxTest.test1(syllables_ca505766_003BlackboxTest.java:10)
	at sun.reflect.NativeMethodAccessorImpl.invoke0(Native Method)
	at sun.reflect.NativeMethodAccessorImpl.invoke(NativeMethodAccessorImpl.java:62)
	at sun.reflect.DelegatingMethodAccessorImpl.invoke(DelegatingMethodAccessorImpl.java:43)
	at java.lang.reflect.Method.invoke(Method.java:498)
	at org.junit.runners.model.FrameworkMethod$1.runReflectiveCall(FrameworkMethod.java:47)
	at org.junit.internal.runners.model.ReflectiveCallable.run(ReflectiveCallable.java:12)
	at org.junit.runners.model.FrameworkMethod.invokeExplosively(FrameworkMethod.java:44)
	at org.junit.internal.runners.statements.InvokeMethod.evaluate(InvokeMethod.java:17)
	at org.junit.internal.runners.statements.FailOnTimeout$StatementThread.run(FailOnTimeout.java:74)

FAILURES!!!
Tests run: 1,  Failures: 1

introclassJava.syllables_ca505766_003BlackboxTest#test2
.E
Time: 0.411
There was 1 failure:
1) test2(introclassJava.syllables_ca505766_003BlackboxTest)
org.junit.ComparisonFailure: expected:<...enumberofsyllablesis[6].> but was:<...enumberofsyllablesis[5].>
	at org.junit.Assert.assertEquals(Assert.java:115)
	at org.junit.Assert.assertEquals(Assert.java:144)
	at introclassJava.syllables_ca505766_003BlackboxTest.test2(syllables_ca505766_003BlackboxTest.java:21)
	at sun.reflect.NativeMethodAccessorImpl.invoke0(Native Method)
	at sun.reflect.NativeMethodAccessorImpl.invoke(NativeMethodAccessorImpl.java:62)
	at sun.reflect.DelegatingMethodAccessorImpl.invoke(DelegatingMethodAccessorImpl.java:43)
	at java.lang.reflect.Method.invoke(Method.java:498)
	at org.junit.runners.model.FrameworkMethod$1.runReflectiveCall(FrameworkMethod.java:47)
	at org.junit.internal.runners.model.ReflectiveCallable.run(ReflectiveCallable.java:12)
	at org.junit.runners.model.FrameworkMethod.invokeExplosively(FrameworkMethod.java:44)
	at org.junit.internal.runners.statements.InvokeMethod.evaluate(InvokeMethod.java:17)
	at org.junit.internal.runners.statements.FailOnTimeout$StatementThread.run(FailOnTimeout.java:74)

FAILURES!!!
Tests run: 1,  Failures: 1

introclassJava.syllables_ca505766_003BlackboxTest#test3
.
Time: 0.651

OK (1 test)

introclassJava.syllables_ca505766_003BlackboxTest#test4
.
Time: 0.476

OK (1 test)

introclassJava.syllables_ca505766_003BlackboxTest#test5
.
Time: 0.658

OK (1 test)

introclassJava.syllables_ca505766_003BlackboxTest#test6
.
Time: 0.758

OK (1 test)

